# JRE version: OpenJDK Runtime Environment Temurin-17.0.1+12 (17.0.1+12) (build 17.0.1+12)
# Java VM: OpenJDK 64-Bit Server VM Temurin-17.0.1+12 (17.0.1+12, mixed mode, emulated-client, tiered, compressed oops, compressed class ptrs, g1 gc, windows-amd64)
GC Precious Log:
 CPUs: 8 total, 8 available
 Memory: 65259M
 Large Page Support: Disabled
 NUMA Support: Disabled
 Compressed Oops: Enabled (Zero based)
 Heap Region Size: 8M
 Heap Min Capacity: 8M
 Heap Initial Capacity: 1G
 Heap Max Capacity: 16320M
 Pre-touch: Disabled
 Parallel Workers: 8
 Concurrent Workers: 2
 Concurrent Refinement Workers: 8
 Periodic GC: Disabled
Heap:
 garbage-first heap   total 598016K, used 225573K [0x0000000404000000, 0x0000000800000000)
  region size 8192K, 26 young (212992K), 1 survivors (8192K)
 Metaspace       used 70794K, committed 71232K, reserved 1114112K
  class space    used 9313K, committed 9536K, reserved 1048576K
GC Heap History (20 events):
Event: 4.353 GC heap before
{Heap before GC invocations=7 (full 0):
 garbage-first heap   total 81920K, used 52615K [0x0000000404000000, 0x0000000800000000)
  region size 8192K, 6 young (49152K), 1 survivors (8192K)
 Metaspace       used 30766K, committed 31104K, reserved 1081344K
  class space    used 3635K, committed 3776K, reserved 1048576K
}
Event: 4.361 GC heap after
{Heap after GC invocations=8 (full 0):
 garbage-first heap   total 565248K, used 13158K [0x0000000404000000, 0x0000000800000000)
  region size 8192K, 1 young (8192K), 1 survivors (8192K)
 Metaspace       used 30766K, committed 31104K, reserved 1081344K
  class space    used 3635K, committed 3776K, reserved 1048576K
}
Event: 5.689 GC heap before
{Heap before GC invocations=8 (full 0):
 garbage-first heap   total 565248K, used 86886K [0x0000000404000000, 0x0000000800000000)
  region size 8192K, 11 young (90112K), 1 survivors (8192K)
 Metaspace       used 35953K, committed 36288K, reserved 1081344K
  class space    used 4465K, committed 4608K, reserved 1048576K
}
Event: 5.701 GC heap after
{Heap after GC invocations=9 (full 0):
 garbage-first heap   total 565248K, used 16315K [0x0000000404000000, 0x0000000800000000)
  region size 8192K, 2 young (16384K), 2 survivors (16384K)
 Metaspace       used 35953K, committed 36288K, reserved 1081344K
  class space    used 4465K, committed 4608K, reserved 1048576K
}
Event: 6.077 GC heap before
{Heap before GC invocations=10 (full 0):
 garbage-first heap   total 114688K, used 90043K [0x0000000404000000, 0x0000000800000000)
  region size 8192K, 12 young (98304K), 2 survivors (16384K)
 Metaspace       used 37871K, committed 38272K, reserved 1089536K
  class space    used 4666K, committed 4864K, reserved 1048576K
}
Event: 6.087 GC heap after
{Heap after GC invocations=11 (full 0):
 garbage-first heap   total 122880K, used 17510K [0x0000000404000000, 0x0000000800000000)
  region size 8192K, 2 young (16384K), 2 survivors (16384K)
 Metaspace       used 37871K, committed 38272K, reserved 1089536K
  class space    used 4666K, committed 4864K, reserved 1048576K
}
Event: 6.600 GC heap before
{Heap before GC invocations=11 (full 0):
 garbage-first heap   total 122880K, used 66662K [0x0000000404000000, 0x0000000800000000)
  region size 8192K, 9 young (73728K), 2 survivors (16384K)
 Metaspace       used 40582K, committed 40960K, reserved 1089536K
  class space    used 4976K, committed 5184K, reserved 1048576K
}
Event: 6.608 GC heap after
{Heap after GC invocations=12 (full 0):
 garbage-first heap   total 122880K, used 18583K [0x0000000404000000, 0x0000000800000000)
  region size 8192K, 2 young (16384K), 2 survivors (16384K)
 Metaspace       used 40582K, committed 40960K, reserved 1089536K
  class space    used 4976K, committed 5184K, reserved 1048576K
}
Event: 7.253 GC heap before
{Heap before GC invocations=12 (full 0):
 garbage-first heap   total 122880K, used 75927K [0x0000000404000000, 0x0000000800000000)
  region size 8192K, 9 young (73728K), 2 survivors (16384K)
 Metaspace       used 46351K, committed 46720K, reserved 1097728K
  class space    used 5653K, committed 5824K, reserved 1048576K
}
Event: 7.261 GC heap after
{Heap after GC invocations=13 (full 0):
 garbage-first heap   total 122880K, used 20498K [0x0000000404000000, 0x0000000800000000)
  region size 8192K, 2 young (16384K), 2 survivors (16384K)
 Metaspace       used 46351K, committed 46720K, reserved 1097728K
  class space    used 5653K, committed 5824K, reserved 1048576K
}
Event: 7.762 GC heap before
{Heap before GC invocations=13 (full 0):
 garbage-first heap   total 122880K, used 77842K [0x0000000404000000, 0x0000000800000000)
  region size 8192K, 9 young (73728K), 2 survivors (16384K)
 Metaspace       used 51847K, committed 52224K, reserved 1097728K
  class space    used 6609K, committed 6784K, reserved 1048576K
}
Event: 7.772 GC heap after
{Heap after GC invocations=14 (full 0):
 garbage-first heap   total 589824K, used 21507K [0x0000000404000000, 0x0000000800000000)
  region size 8192K, 2 young (16384K), 2 survivors (16384K)
 Metaspace       used 51847K, committed 52224K, reserved 1097728K
  class space    used 6609K, committed 6784K, reserved 1048576K
}
Event: 8.716 GC heap before
{Heap before GC invocations=14 (full 0):
 garbage-first heap   total 589824K, used 119811K [0x0000000404000000, 0x0000000800000000)
  region size 8192K, 15 young (122880K), 2 survivors (16384K)
 Metaspace       used 60275K, committed 60736K, reserved 1105920K
  class space    used 7855K, committed 8064K, reserved 1048576K
}
Event: 8.725 GC heap after
{Heap after GC invocations=15 (full 0):
 garbage-first heap   total 589824K, used 23873K [0x0000000404000000, 0x0000000800000000)
  region size 8192K, 2 young (16384K), 2 survivors (16384K)
 Metaspace       used 60275K, committed 60736K, reserved 1105920K
  class space    used 7855K, committed 8064K, reserved 1048576K
}
Event: 9.323 GC heap before
{Heap before GC invocations=16 (full 0):
 garbage-first heap   total 139264K, used 89409K [0x0000000404000000, 0x0000000800000000)
  region size 8192K, 10 young (81920K), 2 survivors (16384K)
 Metaspace       used 64043K, committed 64512K, reserved 1105920K
  class space    used 8442K, committed 8704K, reserved 1048576K
}
Event: 9.333 GC heap after
{Heap after GC invocations=17 (full 0):
 garbage-first heap   total 139264K, used 26759K [0x0000000404000000, 0x0000000800000000)
  region size 8192K, 2 young (16384K), 2 survivors (16384K)
 Metaspace       used 64043K, committed 64512K, reserved 1105920K
  class space    used 8442K, committed 8704K, reserved 1048576K
}
Event: 9.417 GC heap before
{Heap before GC invocations=17 (full 0):
 garbage-first heap   total 139264K, used 34951K [0x0000000404000000, 0x0000000800000000)
  region size 8192K, 3 young (24576K), 2 survivors (16384K)
 Metaspace       used 64733K, committed 65216K, reserved 1105920K
  class space    used 8542K, committed 8768K, reserved 1048576K
}
Event: 9.427 GC heap after
{Heap after GC invocations=18 (full 0):
 garbage-first heap   total 139264K, used 26703K [0x0000000404000000, 0x0000000800000000)
  region size 8192K, 1 young (8192K), 1 survivors (8192K)
 Metaspace       used 64733K, committed 65216K, reserved 1105920K
  class space    used 8542K, committed 8768K, reserved 1048576K
}
Event: 9.965 GC heap before
{Heap before GC invocations=18 (full 0):
 garbage-first heap   total 139264K, used 100431K [0x0000000404000000, 0x0000000800000000)
  region size 8192K, 10 young (81920K), 1 survivors (8192K)
 Metaspace       used 66248K, committed 66688K, reserved 1114112K
  class space    used 8714K, committed 8960K, reserved 1048576K
}
Event: 9.976 GC heap after
{Heap after GC invocations=19 (full 0):
 garbage-first heap   total 598016K, used 28965K [0x0000000404000000, 0x0000000800000000)
  region size 8192K, 1 young (8192K), 1 survivors (8192K)
 Metaspace       used 66248K, committed 66688K, reserved 1114112K
  class space    used 8714K, committed 8960K, reserved 1048576K
}

